#
# A fatal error has been detected by the Java Runtime Environment:
#
#  EXCEPTION_ACCESS_VIOLATION (0xc0000005) at pc=0x0000000070db0774, pid=4080, tid=0x000000000000438c
#
# JRE version: Java(TM) SE Runtime Environment (8.0_301-b09) (build 1.8.0_301-b09)
# Java VM: Java HotSpot(TM) 64-Bit Server VM (25.301-b09 mixed mode windows-amd64 compressed oops)
# Problematic frame:
# V  [jvm.dll+0x100774]
#
# Failed to write core dump. Minidumps are not enabled by default on client versions of Windows
#
# If you would like to submit a bug report, please visit:
#   http://bugreport.java.com/bugreport/crash.jsp
#

---------------  T H R E A D  ---------------

Current thread (0x0000022dd5519800):  VMThread [stack: 0x000000d683f00000,0x000000d684000000] [id=17292]

siginfo: ExceptionCode=0xc0000005, reading address 0x0000022dd4fe6340

Registers:
RAX=0x000000000016c0a0, RBX=0x000000d683ffef40, RCX=0x0000022dd4e7a290, RDX=0x000000000000b605
RSP=0x000000d683ffec68, RBP=0x0000000000000001, RSI=0x0000000000000001, RDI=0x0000022dd4e69a68
R8 =0x0000000000000000, R9 =0x0000022dd4e69a68, R10=0x0000022dbacec870, R11=0x0000022dd4e6a244
R12=0x000000000000001d, R13=0x0000022dd52b6c00, R14=0x00000000000000b2, R15=0x0000000070cb0000
RIP=0x0000000070db0774, EFLAGS=0x0000000000010216

Top of Stack: (sp=0x000000d683ffec68)
0x000000d683ffec68:   0000000070db66b3 0000022dd5519800
0x000000d683ffec78:   0000000070d6d3ee 0000022dd4e6a2a8
0x000000d683ffec88:   000000d683ffeda0 0000684400000000
0x000000d683ffec98:   000000d683ffef40 0000022dd4e6a274
0x000000d683ffeca8:   0000000070db7185 0000684495dea474
0x000000d683ffecb8:   000000d683ffef40 00000000000000b2
0x000000d683ffecc8:   000000d683ffeda0 000000d683ffef40
0x000000d683ffecd8:   0000000070db8a40 0000000000000014
0x000000d683ffece8:   0000000000000014 0000000000000001
0x000000d683ffecf8:   000000d683ffef40 0000022d00000014
0x000000d683ffed08:   0000000070d36c98 0000022dd4e6a2a8
0x000000d683ffed18:   000000d683ffeda0 0000684495dea3c4
0x000000d683ffed28:   0000000000000000 0000022dd5519800
0x000000d683ffed38:   0000000070d6d3ee 0000000070cb0000
0x000000d683ffed48:   00000000000000b2 000000d683ffedd0
0x000000d683ffed58:   00000000000000b2 0000022dd4e6a274 

Instructions: (pc=0x0000000070db0774)
0x0000000070db0754:   18 f7 d2 48 63 c2 48 c1 e0 05 48 8b 44 08 10 0f
0x0000000070db0764:   b7 c8 41 0f b7 44 c9 52 c3 48 63 c2 48 c1 e0 05
0x0000000070db0774:   48 8b 44 08 10 0f b7 d0 48 63 c2 41 0f b7 44 c1
0x0000000070db0784:   52 c3 49 8b 41 08 48 63 ca 0f b6 44 08 04 3c 12 


Register to memory mapping:

RAX=0x000000000016c0a0 is an unknown value
RBX=0x000000d683ffef40 is an unknown value
RCX=0x0000022dd4e7a290 is pointing into metadata
RDX=0x000000000000b605 is an unknown value
RSP=0x000000d683ffec68 is an unknown value
RBP=0x0000000000000001 is an unknown value
RSI=0x0000000000000001 is an unknown value
RDI=0x0000022dd4e69a68 is pointing into metadata
R8 =0x0000000000000000 is an unknown value
R9 =0x0000022dd4e69a68 is pointing into metadata
R10=0x0000022dbacec870 is an unknown value
R11=0x0000022dd4e6a244 is pointing into metadata
R12=0x000000000000001d is an unknown value
R13=0x0000022dd52b6c00 is an unknown value
R14=0x00000000000000b2 is an unknown value
R15=0x0000000070cb0000 is an unknown value


Stack: [0x000000d683f00000,0x000000d684000000],  sp=0x000000d683ffec68,  free space=1019k
Native frames: (J=compiled Java code, j=interpreted, Vv=VM code, C=native code)
V  [jvm.dll+0x100774]

VM_Operation (0x000000d6844ff800): GetOrSetLocal, mode: safepoint, requested by thread 0x0000022dd828e000


---------------  P R O C E S S  ---------------

Java Threads: ( => current thread )
  0x0000022dd8475000 JavaThread "Service Thread" daemon [_thread_blocked, id=9024, stack(0x000000d685300000,0x000000d685400000)]
  0x0000022dd83c3800 JavaThread "C1 CompilerThread11" daemon [_thread_blocked, id=14144, stack(0x000000d685200000,0x000000d685300000)]
  0x0000022dd83c2800 JavaThread "C1 CompilerThread10" daemon [_thread_blocked, id=18764, stack(0x000000d685100000,0x000000d685200000)]
  0x0000022dd83c2000 JavaThread "C1 CompilerThread9" daemon [_thread_blocked, id=16652, stack(0x000000d685000000,0x000000d685100000)]
  0x0000022dd83a5800 JavaThread "C1 CompilerThread8" daemon [_thread_blocked, id=7484, stack(0x000000d684f00000,0x000000d685000000)]
  0x0000022dd8384800 JavaThread "C2 CompilerThread7" daemon [_thread_blocked, id=4308, stack(0x000000d684e00000,0x000000d684f00000)]
  0x0000022dd8378000 JavaThread "C2 CompilerThread6" daemon [_thread_blocked, id=14620, stack(0x000000d684d00000,0x000000d684e00000)]
  0x0000022dd836d000 JavaThread "C2 CompilerThread5" daemon [_thread_blocked, id=19976, stack(0x000000d684c00000,0x000000d684d00000)]
  0x0000022dd836a800 JavaThread "C2 CompilerThread4" daemon [_thread_blocked, id=7528, stack(0x000000d684b00000,0x000000d684c00000)]
  0x0000022dd8350000 JavaThread "C2 CompilerThread3" daemon [_thread_blocked, id=672, stack(0x000000d684a00000,0x000000d684b00000)]
  0x0000022dd834f000 JavaThread "C2 CompilerThread2" daemon [_thread_blocked, id=19704, stack(0x000000d684900000,0x000000d684a00000)]
  0x0000022dd834e800 JavaThread "C2 CompilerThread1" daemon [_thread_blocked, id=8768, stack(0x000000d684800000,0x000000d684900000)]
  0x0000022dd834b800 JavaThread "C2 CompilerThread0" daemon [_thread_blocked, id=19096, stack(0x000000d684700000,0x000000d684800000)]
  0x0000022dd829f000 JavaThread "JDWP Command Reader" daemon [_thread_in_native, id=12832, stack(0x000000d684600000,0x000000d684700000)]
  0x0000022dd829c000 JavaThread "JDWP Event Helper Thread" daemon [_thread_blocked, id=4468, stack(0x000000d684500000,0x000000d684600000)]
  0x0000022dd828e000 JavaThread "JDWP Transport Listener: dt_socket" daemon [_thread_blocked, id=11596, stack(0x000000d684400000,0x000000d684500000)]
  0x0000022dd8236000 JavaThread "Attach Listener" daemon [_thread_blocked, id=13012, stack(0x000000d684300000,0x000000d684400000)]
  0x0000022dd8233800 JavaThread "Signal Dispatcher" daemon [_thread_blocked, id=18200, stack(0x000000d684200000,0x000000d684300000)]
  0x0000022dd5529800 JavaThread "Finalizer" daemon [_thread_blocked, id=17872, stack(0x000000d684100000,0x000000d684200000)]
  0x0000022dd8210800 JavaThread "Reference Handler" daemon [_thread_blocked, id=11856, stack(0x000000d684000000,0x000000d684100000)]
  0x0000022dbacc9000 JavaThread "main" [_thread_blocked, id=20048, stack(0x000000d683100000,0x000000d683200000)]

Other Threads:
=>0x0000022dd5519800 VMThread [stack: 0x000000d683f00000,0x000000d684000000] [id=17292]
  0x0000022dd84a0800 WatcherThread [stack: 0x000000d685400000,0x000000d685500000] [id=14524]

VM state:at safepoint (normal execution)

VM Mutex/Monitor currently owned by a thread:  ([mutex/lock_event])
[0x0000022dbacc79c0] Threads_lock - owner thread: 0x0000022dd5519800

heap address: 0x00000006ca000000, size: 3936 MB, Compressed Oops mode: Zero based, Oop shift amount: 3
Narrow klass base: 0x0000000000000000, Narrow klass shift: 3
Compressed class space size: 1073741824 Address: 0x00000007c0000000

Heap:
 PSYoungGen      total 73728K, used 13980K [0x000000076e000000, 0x0000000773200000, 0x00000007c0000000)
  eden space 63488K, 22% used [0x000000076e000000,0x000000076eda7298,0x0000000771e00000)
  from space 10240K, 0% used [0x0000000772800000,0x0000000772800000,0x0000000773200000)
  to   space 10240K, 0% used [0x0000000771e00000,0x0000000771e00000,0x0000000772800000)
 ParOldGen       total 167936K, used 0K [0x00000006ca000000, 0x00000006d4400000, 0x000000076e000000)
  object space 167936K, 0% used [0x00000006ca000000,0x00000006ca000000,0x00000006d4400000)
 Metaspace       used 5024K, capacity 5296K, committed 5504K, reserved 1056768K
  class space    used 572K, capacity 595K, committed 640K, reserved 1048576K

Card table byte_map: [0x0000022dcba60000,0x0000022dcc220000] byte_map_base: 0x0000022dc8410000

Marking Bits: (ParMarkBitMap*) 0x0000000071497fe0
 Begin Bits: [0x0000022dcc740000, 0x0000022dd04c0000)
 End Bits:   [0x0000022dd04c0000, 0x0000022dd4240000)

Polling page: 0x0000022dbc670000

CodeCache: size=245760Kb used=3671Kb max_used=3688Kb free=242088Kb
 bounds [0x0000022dbc6a0000, 0x0000022dbca40000, 0x0000022dcb6a0000]
 total_blobs=571 nmethods=311 adapters=179
 compilation: enabled

Compilation events (10 events):
Event: 0.220 Thread 0x0000022dd83c2800 nmethod 308 0x0000022dbca1bd90 code [0x0000022dbca1bee0, 0x0000022dbca1bff8]
Event: 0.221 Thread 0x0000022dd83a5800  309  s    3       java.lang.StringBuffer::toString (36 bytes)
Event: 0.221 Thread 0x0000022dd83a5800 nmethod 309 0x0000022dbca1c050 code [0x0000022dbca1c1e0, 0x0000022dbca1c690]
Event: 0.221 Thread 0x0000022dd83c3800  310   !   3       java.util.zip.Inflater::ended (32 bytes)
Event: 0.222 Thread 0x0000022dd83c3800 nmethod 310 0x0000022dbca1c810 code [0x0000022dbca1c980, 0x0000022dbca1cd78]
Event: 0.222 Thread 0x0000022dd8378000  311   !   4       sun.misc.URLClassPath$JarLoader::getResource (85 bytes)
Event: 0.223 Thread 0x0000022dd836a800 nmethod 307 0x0000022dbca20090 code [0x0000022dbca201e0, 0x0000022dbca20758]
Event: 0.224 Thread 0x0000022dd83c2000 nmethod 304 0x0000022dbca20c10 code [0x0000022dbca217e0, 0x0000022dbca2b890]
Event: 0.236 Thread 0x0000022dd834b800 nmethod 302 0x0000022dbca35c10 code [0x0000022dbca35ea0, 0x0000022dbca377a0]
Event: 0.238 Thread 0x0000022dd8378000 nmethod 311 0x0000022dbca39790 code [0x0000022dbca39a40, 0x0000022dbca3b068]

GC Heap History (0 events):
No events

Deoptimization events (0 events):
No events

Classes redefined (5 events):
Event: 44.020 Thread 0x0000022dd5519800 redefined class name=first200.Lc40, count=1
Event: 210.182 Thread 0x0000022dd5519800 redefined class name=first200.Lc40, count=2
Event: 229.673 Thread 0x0000022dd5519800 redefined class name=first200.Lc40, count=3
Event: 251.479 Thread 0x0000022dd5519800 redefined class name=first200.Lc40, count=4
Event: 262.615 Thread 0x0000022dd5519800 redefined class name=first200.Lc40, count=5

Internal exceptions (7 events):
Event: 0.024 Thread 0x0000022dbacc9000 Exception <a 'java/lang/NoSuchMethodError': Method sun.misc.Unsafe.defineClass(Ljava/lang/String;[BII)Ljava/lang/Class; name or signature does not match> (0x000000076e007cc0) thrown at [C:\jenkins\workspace\8-2-build-windows-amd64-cygwin\jdk8u301\1513\hot
Event: 0.024 Thread 0x0000022dbacc9000 Exception <a 'java/lang/NoSuchMethodError': Method sun.misc.Unsafe.prefetchRead(Ljava/lang/Object;J)V name or signature does not match> (0x000000076e007fa8) thrown at [C:\jenkins\workspace\8-2-build-windows-amd64-cygwin\jdk8u301\1513\hotspot\src\share\vm\
Event: 0.131 Thread 0x0000022dbacc9000 Exception <a 'java/io/FileNotFoundException'> (0x000000076e39a148) thrown at [C:\jenkins\workspace\8-2-build-windows-amd64-cygwin\jdk8u301\1513\hotspot\src\share\vm\prims\jni.cpp, line 710]
Event: 0.139 Thread 0x0000022dbacc9000 Exception <a 'java/security/PrivilegedActionException'> (0x000000076e65f040) thrown at [C:\jenkins\workspace\8-2-build-windows-amd64-cygwin\jdk8u301\1513\hotspot\src\share\vm\prims\jvm.cpp, line 1523]
Event: 0.139 Thread 0x0000022dbacc9000 Exception <a 'java/security/PrivilegedActionException'> (0x000000076e65f250) thrown at [C:\jenkins\workspace\8-2-build-windows-amd64-cygwin\jdk8u301\1513\hotspot\src\share\vm\prims\jvm.cpp, line 1523]
Event: 0.139 Thread 0x0000022dbacc9000 Exception <a 'java/security/PrivilegedActionException'> (0x000000076e663160) thrown at [C:\jenkins\workspace\8-2-build-windows-amd64-cygwin\jdk8u301\1513\hotspot\src\share\vm\prims\jvm.cpp, line 1523]
Event: 0.139 Thread 0x0000022dbacc9000 Exception <a 'java/security/PrivilegedActionException'> (0x000000076e663370) thrown at [C:\jenkins\workspace\8-2-build-windows-amd64-cygwin\jdk8u301\1513\hotspot\src\share\vm\prims\jvm.cpp, line 1523]

Events (10 events):
Event: 262.615 Executing VM operation: RedefineClasses done
Event: 262.616 Executing VM operation: GetOrSetLocal
Event: 262.616 Executing VM operation: GetOrSetLocal done
Event: 262.659 Executing VM operation: ChangeBreakpoints
Event: 262.659 Executing VM operation: ChangeBreakpoints done
Event: 262.661 Executing VM operation: GetOrSetLocal
Event: 262.661 Executing VM operation: GetOrSetLocal done
Event: 262.661 Executing VM operation: GetOrSetLocal
Event: 262.661 Executing VM operation: GetOrSetLocal done
Event: 262.662 Executing VM operation: GetOrSetLocal


Dynamic libraries:
0x00007ff7e4e50000 - 0x00007ff7e4e97000 	E:\Program Files\Java\jdk1.8.0_301\bin\java.exe
0x00007ffcedcf0000 - 0x00007ffcedee5000 	C:\Windows\SYSTEM32\ntdll.dll
0x00007ffced500000 - 0x00007ffced5be000 	C:\Windows\System32\KERNEL32.DLL
0x00007ffceb410000 - 0x00007ffceb6d9000 	C:\Windows\System32\KERNELBASE.dll
0x00007ffcebdc0000 - 0x00007ffcebe6c000 	C:\Windows\System32\ADVAPI32.dll
0x00007ffcecd20000 - 0x00007ffcecdbe000 	C:\Windows\System32\msvcrt.dll
0x00007ffcec050000 - 0x00007ffcec0eb000 	C:\Windows\System32\sechost.dll
0x00007ffcebf20000 - 0x00007ffcec04a000 	C:\Windows\System32\RPCRT4.dll
0x00007ffcedb00000 - 0x00007ffcedca1000 	C:\Windows\System32\USER32.dll
0x00007ffceba50000 - 0x00007ffceba72000 	C:\Windows\System32\win32u.dll
0x00007ffcebe70000 - 0x00007ffcebe9b000 	C:\Windows\System32\GDI32.dll
0x00007ffceb6e0000 - 0x00007ffceb7eb000 	C:\Windows\System32\gdi32full.dll
0x00007ffcebbe0000 - 0x00007ffcebc7d000 	C:\Windows\System32\msvcp_win.dll
0x00007ffceb7f0000 - 0x00007ffceb8f0000 	C:\Windows\System32\ucrtbase.dll
0x00007ffcd0650000 - 0x00007ffcd08ea000 	C:\Windows\WinSxS\amd64_microsoft.windows.common-controls_6595b64144ccf1df_6.0.19041.1110_none_60b5254171f9507e\COMCTL32.dll
0x00007ffcec370000 - 0x00007ffcec3a0000 	C:\Windows\System32\IMM32.DLL
0x00007ffce5920000 - 0x00007ffce5935000 	E:\Program Files\Java\jdk1.8.0_301\jre\bin\vcruntime140.dll
0x00007ffce5800000 - 0x00007ffce589b000 	E:\Program Files\Java\jdk1.8.0_301\jre\bin\msvcp140.dll
0x0000000070cb0000 - 0x0000000071510000 	E:\Program Files\Java\jdk1.8.0_301\jre\bin\server\jvm.dll
0x00007ffcebda0000 - 0x00007ffcebda8000 	C:\Windows\System32\PSAPI.DLL
0x00007ffce4010000 - 0x00007ffce4019000 	C:\Windows\SYSTEM32\WSOCK32.dll
0x00007ffcec470000 - 0x00007ffcec4db000 	C:\Windows\System32\WS2_32.dll
0x00007ffce9480000 - 0x00007ffce94a7000 	C:\Windows\SYSTEM32\WINMM.dll
0x00007ffce2110000 - 0x00007ffce211a000 	C:\Windows\SYSTEM32\VERSION.dll
0x00007ffce9ce0000 - 0x00007ffce9cf2000 	C:\Windows\SYSTEM32\kernel.appcore.dll
0x00007ffce6b20000 - 0x00007ffce6b30000 	E:\Program Files\Java\jdk1.8.0_301\jre\bin\verify.dll
0x00007ffce57d0000 - 0x00007ffce57fb000 	E:\Program Files\Java\jdk1.8.0_301\jre\bin\java.dll
0x00007ffce5540000 - 0x00007ffce5576000 	E:\Program Files\Java\jdk1.8.0_301\jre\bin\jdwp.dll
0x00007ffce5910000 - 0x00007ffce5919000 	E:\Program Files\Java\jdk1.8.0_301\jre\bin\npt.dll
0x00007ffce5510000 - 0x00007ffce5540000 	E:\Program Files\Java\jdk1.8.0_301\jre\bin\instrument.dll
0x00007ffce58b0000 - 0x00007ffce58c8000 	E:\Program Files\Java\jdk1.8.0_301\jre\bin\zip.dll
0x00007ffcecdc0000 - 0x00007ffced4ff000 	C:\Windows\System32\SHELL32.dll
0x00007ffce94f0000 - 0x00007ffce9c80000 	C:\Windows\SYSTEM32\windows.storage.dll
0x00007ffcec9c0000 - 0x00007ffcecd15000 	C:\Windows\System32\combase.dll
0x00007ffceadf0000 - 0x00007ffceae1c000 	C:\Windows\SYSTEM32\Wldp.dll
0x00007ffced650000 - 0x00007ffced6fe000 	C:\Windows\System32\SHCORE.dll
0x00007ffcec220000 - 0x00007ffcec275000 	C:\Windows\System32\shlwapi.dll
0x00007ffceb350000 - 0x00007ffceb36f000 	C:\Windows\SYSTEM32\profapi.dll
0x00007ffce57c0000 - 0x00007ffce57ca000 	E:\Program Files\Java\jdk1.8.0_301\jre\bin\dt_socket.dll
0x00007ffceab50000 - 0x00007ffceabba000 	C:\Windows\system32\mswsock.dll
0x00007ffce9020000 - 0x00007ffce9204000 	C:\Windows\SYSTEM32\dbghelp.dll
0x00007ffcebcb0000 - 0x00007ffcebd33000 	C:\Windows\System32\bcryptPrimitives.dll

VM Arguments:
jvm_args: -agentlib:jdwp=transport=dt_socket,address=127.0.0.1:50345,suspend=y,server=n -ea -Didea.test.cyclic.buffer.size=1048576 -javaagent:C:\Users\GWY\.IntelliJIdea2017.3\system\captureAgent\debugger-agent.jar=C:\Users\GWY\AppData\Local\Temp\capture1211.props -Dfile.encoding=UTF-8 
java_command: com.intellij.rt.execution.junit.JUnitStarter -ideVersion5 -junit4 first200.Lc40
java_class_path (initial): E:\Program Files\JetBrains\IntelliJ IDEA 2017.3.1\lib\idea_rt.jar;E:\Program Files\JetBrains\IntelliJ IDEA 2017.3.1\plugins\junit\lib\junit-rt.jar;E:\Program Files\JetBrains\IntelliJ IDEA 2017.3.1\plugins\junit\lib\junit5-rt.jar;E:\Program Files\java\jdk1.8.0_301\jre\lib\charsets.jar;E:\Program Files\java\jdk1.8.0_301\jre\lib\deploy.jar;E:\Program Files\java\jdk1.8.0_301\jre\lib\ext\access-bridge-64.jar;E:\Program Files\java\jdk1.8.0_301\jre\lib\ext\cldrdata.jar;E:\Program Files\java\jdk1.8.0_301\jre\lib\ext\dnsns.jar;E:\Program Files\java\jdk1.8.0_301\jre\lib\ext\jaccess.jar;E:\Program Files\java\jdk1.8.0_301\jre\lib\ext\jfxrt.jar;E:\Program Files\java\jdk1.8.0_301\jre\lib\ext\localedata.jar;E:\Program Files\java\jdk1.8.0_301\jre\lib\ext\nashorn.jar;E:\Program Files\java\jdk1.8.0_301\jre\lib\ext\sunec.jar;E:\Program Files\java\jdk1.8.0_301\jre\lib\ext\sunjce_provider.jar;E:\Program Files\java\jdk1.8.0_301\jre\lib\ext\sunmscapi.jar;E:\Program Files\java\jdk1.8.0_301\jre\lib\ext\sunpkcs11.jar;E:\Program Files\java\jdk1.8.0_301\jre\lib\ext\zipfs.jar;E:\Program Files\java\jdk1.8.0_301\jre\lib\javaws.jar;E:\Program Files\java\jdk1.8.0_301\jre\lib\jce.jar;E:\Program Files\java\jdk1.8.0_301\jre\lib\jfr.jar;E:\Program Files\java\jdk1.8.0_301\jre\lib\jfxswt.jar;E:\Program Files\java\jdk1.8.0_301\jre\lib\jsse.jar;E:\Program Files\java\jdk1.8.0_301\jre\lib\management-agent.jar;E:\Program Files\java\jdk1.8.0_301\jre\lib\plugin.jar;E:\Program Files\java\jdk1.8.0_301\jre\lib\resources.jar;E:\Program Files\java\jdk1.8.0_301\jre\lib\rt.jar;E:\workspace\interview\out\production\leetcode;E:\Program Files\JetBrains\IntelliJ IDEA 2017.3.1\lib\junit-4.12.jar;E:\Program Files\JetBrains\IntelliJ IDEA 2017.3.1\lib\hamcrest-core-1.3.jar;C:\Users\GWY\.IntelliJIdea2017.3\system\captureAgent\debugger-agent.jar
Launcher Type: SUN_STANDARD

Environment Variables:
JAVA_HOME=E:\Program Files\Java\jdk1.8.0_301
PATH=C:\Program Files (x86)\Common Files\Oracle\Java\javapath;C:\Windows\system32;C:\Windows;C:\Windows\System32\Wbem;C:\Windows\System32\WindowsPowerShell\v1.0\;C:\Windows\System32\OpenSSH\;E:\Program Files\mysql-5.7.20-winx64\bin;E:\Program Files\Java\jdk1.8.0_301\bin;%CATALINA_HOME%\lib;%CATALINA_HOME%\lib\servlet-api.jar;%CATALINA_HOME%\lib\jsp-api.jar;E:\Program Files\apache-maven-3.6.0\bin;E:\Program Files\Git\cmd;F:\Program Files\MATLAB\R2021a\bin;C:\Users\GWY\AppData\Local\Microsoft\WindowsApps;
USERNAME=GWY
OS=Windows_NT
PROCESSOR_IDENTIFIER=AMD64 Family 23 Model 96 Stepping 1, AuthenticAMD



---------------  S Y S T E M  ---------------

OS: Windows 10.0 , 64 bit Build 19041 (10.0.19041.1202)

CPU:total 16 (initial active 16) (16 cores per cpu, 1 threads per core) family 23 model 96 stepping 1, cmov, cx8, fxsr, mmx, sse, sse2, sse3, ssse3, sse4.1, sse4.2, popcnt, avx, avx2, aes, clmul, mmxext, 3dnowpref, lzcnt, sse4a, tsc, tscinvbit, tscinv, bmi1

Memory: 4k page, physical 16119108k(9652696k free), swap 18609476k(9982836k free)

vm_info: Java HotSpot(TM) 64-Bit Server VM (25.301-b09) for windows-amd64 JRE (1.8.0_301-b09), built on Jun  9 2021 06:46:21 by "java_re" with MS VC++ 15.9 (VS2017)

time: Mon Sep 27 21:30:15 2021
timezone: 中国标准时间
elapsed time: 262.671808 seconds (0d 0h 4m 22s)

